This is pdfTeXk, Version 3.1415926-1.40.9 (Web2C 7.5.7) (format=pdflatex 2008.8.22)  28 FEB 2015 01:02
entering extended mode
 %&-line parsing enabled.
**paper
(./paper.tex
LaTeX2e <2005/12/01>
Babel <v3.8l> and hyphenation patterns for english, usenglishmax, dumylang, noh
yphenation, german-x-2008-06-18, ngerman-x-2008-06-18, ancientgreek, ibycus, ar
abic, basque, bulgarian, catalan, pinyin, coptic, croatian, czech, danish, dutc
h, esperanto, estonian, farsi, finnish, french, galician, german, ngerman, mono
greek, greek, hungarian, icelandic, indonesian, interlingua, irish, italian, la
tin, mongolian, mongolian2a, bokmal, nynorsk, polish, portuguese, romanian, rus
sian, sanskrit, serbian, slovak, slovenian, spanish, swedish, turkish, ukenglis
h, ukrainian, uppersorbian, welsh, loaded.
(./sigplanconf.cls
Document Class: sigplanconf 2013/07/02 v2.8 ACM SIGPLAN Proceedings
\@numheaddepth=\count79
(/usr/local/texlive/2008/texmf-dist/tex/latex/base/article.cls
Document Class: article 2005/09/16 v1.4f Standard LaTeX document class
(/Users/wadler/Library/texmf/tex/latex/size10.clo
File: size10.clo 2005/09/16 v1.4f Standard LaTeX file (size option)
)
\c@part=\count80
\c@section=\count81
\c@subsection=\count82
\c@subsubsection=\count83
\c@paragraph=\count84
\c@subparagraph=\count85
\c@figure=\count86
\c@table=\count87
\abovecaptionskip=\skip41
\belowcaptionskip=\skip42
\bibindent=\dimen102
)
\standardtextwidth=\dimen103
\standardvspace=\skip43

Using natbib package with 'authoryear' citation style.
(/usr/local/texlive/2008/texmf-dist/tex/latex/natbib/natbib.sty
Package: natbib 2007/10/30 8.1 (PWD)
\bibhang=\skip44
\bibsep=\skip45
LaTeX Info: Redefining \cite on input line 602.
\c@NAT@ctr=\count88
)
\@sectionaboveskip=\skip46
\@sectionbelowskip=\skip47
\@subsectionaboveskip=\skip48
\@subsectionbelowskip=\skip49
\@paragraphaboveskip=\skip50
\@authorcount=\count89
\@titlenotecount=\count90
\@titlenotetext=\toks14
\@fnmark=\toks15
\@authori=\count91
\@measbox=\box26
)
(/usr/local/texlive/2008/texmf-dist/tex/latex/amsmath/amstext.sty
Package: amstext 2000/06/29 v2.01

(/usr/local/texlive/2008/texmf-dist/tex/latex/amsmath/amsgen.sty
File: amsgen.sty 1999/11/30 v2.0
\@emptytoks=\toks16
\ex@=\dimen104
))
(/usr/local/texlive/2008/texmf-dist/tex/latex/amsfonts/amssymb.sty
Package: amssymb 2002/01/22 v2.2d

(/usr/local/texlive/2008/texmf-dist/tex/latex/amsfonts/amsfonts.sty
Package: amsfonts 2001/10/25 v2.2f
\symAMSa=\mathgroup4
\symAMSb=\mathgroup5
LaTeX Font Info:    Overwriting math alphabet `\mathfrak' in version `bold'
(Font)                  U/euf/m/n --> U/euf/b/n on input line 132.
))
(/usr/local/texlive/2008/texmf-dist/tex/latex/stmaryrd/stmaryrd.sty
Package: stmaryrd 1994/03/03 St Mary's Road symbol package
\symstmry=\mathgroup6
LaTeX Font Info:    Overwriting symbol font `stmry' in version `bold'
(Font)                  U/stmry/m/n --> U/stmry/b/n on input line 89.
)
(/usr/local/texlive/2008/texmf-dist/tex/latex/polytable/polytable.sty
Package: polytable 2005/04/26 v0.8.2 `polytable' package (Andres Loeh)

(/usr/local/texlive/2008/texmf-dist/tex/latex/lazylist/lazylist.sty)
(/usr/local/texlive/2008/texmf-dist/tex/latex/tools/array.sty
Package: array 2005/08/23 v2.4b Tabular extension package (FMi)
\col@sep=\dimen105
\extrarowheight=\dimen106
\NC@list=\toks17
\extratabsurround=\skip51
\backup@length=\skip52
)
\PT@colwidth=\dimen107
\PT@cols=\count92
\PT@table=\count93
\PT@toks=\toks18
\PT@in=\read1
\PT@out=\write3
)
\mathindent=\dimen108
\blanklineskip=\skip53

(/usr/local/texlive/2008/texmf-dist/tex/latex/tools/calc.sty
Package: calc 2005/08/06 v4.2 Infix arithmetic (KKT,FJ)
\calc@Acount=\count94
\calc@Bcount=\count95
\calc@Adimen=\dimen109
\calc@Bdimen=\dimen110
\calc@Askip=\skip54
\calc@Bskip=\skip55
LaTeX Info: Redefining \setlength on input line 75.
LaTeX Info: Redefining \addtolength on input line 76.
\calc@Ccount=\count96
\calc@Cskip=\skip56
)
(/usr/local/texlive/2008/texmf-dist/tex/latex/amsmath/amsmath.sty
Package: amsmath 2000/07/18 v2.13 AMS math features
\@mathmargin=\skip57

For additional information on amsmath, use the `?' option.
(/usr/local/texlive/2008/texmf-dist/tex/latex/amsmath/amsbsy.sty
Package: amsbsy 1999/11/29 v1.2d
\pmbraise@=\dimen111
)
(/usr/local/texlive/2008/texmf-dist/tex/latex/amsmath/amsopn.sty
Package: amsopn 1999/12/14 v2.01 operator names
)
\inf@bad=\count97
LaTeX Info: Redefining \frac on input line 211.
\uproot@=\count98
\leftroot@=\count99
LaTeX Info: Redefining \overline on input line 307.
\classnum@=\count100
\DOTSCASE@=\count101
LaTeX Info: Redefining \ldots on input line 379.
LaTeX Info: Redefining \dots on input line 382.
LaTeX Info: Redefining \cdots on input line 467.
\Mathstrutbox@=\box27
\strutbox@=\box28
\big@size=\dimen112
LaTeX Font Info:    Redeclaring font encoding OML on input line 567.
LaTeX Font Info:    Redeclaring font encoding OMS on input line 568.
\macc@depth=\count102
\c@MaxMatrixCols=\count103
\dotsspace@=\muskip10
\c@parentequation=\count104
\dspbrk@lvl=\count105
\tag@help=\toks19
\row@=\count106
\column@=\count107
\maxfields@=\count108
\andhelp@=\toks20
\eqnshift@=\dimen113
\alignsep@=\dimen114
\tagshift@=\dimen115
\tagwidth@=\dimen116
\totwidth@=\dimen117
\lineht@=\dimen118
\@envbody=\toks21
\multlinegap=\skip58
\multlinetaggap=\skip59
\mathdisplay@stack=\toks22
LaTeX Info: Redefining \[ on input line 2666.
LaTeX Info: Redefining \] on input line 2667.
)
(/usr/local/texlive/2008/texmf-dist/tex/latex/lkproof/proof.sty
\inferLineSkip=\dimen119
\inferLabelSkip=\dimen120
\@LeftOffset=\dimen121
\@RightOffset=\dimen122
\@SavedLeftOffset=\dimen123
\UpperWidth=\dimen124
\LowerWidth=\dimen125
\LowerHeight=\dimen126
\UpperLeftOffset=\dimen127
\UpperRightOffset=\dimen128
\UpperCenter=\dimen129
\LowerCenter=\dimen130
\UpperAdjust=\dimen131
\RuleAdjust=\dimen132
\LowerAdjust=\dimen133
\RuleWidth=\dimen134
\HLabelAdjust=\dimen135
\VLabelAdjust=\dimen136
\WidthAdjust=\dimen137
\@UpperPart=\box29
\@LowerPart=\box30
\@LabelPart=\box31
\ResultBox=\box32
)
(/usr/local/texlive/2008/texmf-dist/tex/latex/tools/xspace.sty
Package: xspace 2006/05/08 v1.12 Space after command names (DPC,MH)
)
(/usr/local/texlive/2008/texmf-dist/tex/latex/hyperref/hyperref.sty
Package: hyperref 2008/08/14 v6.78f Hypertext links for LaTeX

(/Users/wadler/Library/texmf/tex/latex/keyval.sty
Package: keyval 1999/03/16 v1.13 key=value parser (DPC)
\KV@toks@=\toks23
)
(/Users/wadler/Library/texmf/tex/latex/ifpdf.sty
Package: ifpdf 2006/02/20 v1.4 Provides the ifpdf switch (HO)
Package ifpdf Info: pdfTeX in pdf mode detected.
)
(/usr/local/texlive/2008/texmf-dist/tex/generic/oberdiek/ifvtex.sty
Package: ifvtex 2007/09/09 v1.3 Switches for detecting VTeX and its modes (HO)
Package ifvtex Info: VTeX not detected.
)
(/usr/local/texlive/2008/texmf-dist/tex/generic/ifxetex/ifxetex.sty
Package: ifxetex 2006/08/21 v0.3 Provides ifxetex conditional
)
(/usr/local/texlive/2008/texmf-dist/tex/latex/oberdiek/hycolor.sty
Package: hycolor 2008/08/01 v1.3 Code for color options of hyperref/bookmark (H
O)

(/usr/local/texlive/2008/texmf-dist/tex/latex/oberdiek/xcolor-patch.sty
Package: xcolor-patch 2008/08/01 xcolor patch
))
\@linkdim=\dimen138
\Hy@linkcounter=\count109
\Hy@pagecounter=\count110

(/usr/local/texlive/2008/texmf-dist/tex/latex/hyperref/pd1enc.def
File: pd1enc.def 2008/08/14 v6.78f Hyperref: PDFDocEncoding definition (HO)
)
(/usr/local/texlive/2008/texmf-dist/tex/generic/oberdiek/etexcmds.sty
Package: etexcmds 2007/12/12 v1.2 Prefix for e-TeX command names (HO)

(/usr/local/texlive/2008/texmf-dist/tex/generic/oberdiek/infwarerr.sty
Package: infwarerr 2007/09/09 v1.2 Providing info/warning/message (HO)
)
Package etexcmds Info: Could not find \expanded.
(etexcmds)             That can mean that you are not using pdfTeX 1.50 or
(etexcmds)             that some package has redefined \expanded.
(etexcmds)             In the latter case, load this package earlier.
)
(/usr/local/texlive/2008/texmf/tex/latex/config/hyperref.cfg
File: hyperref.cfg 2002/06/06 v1.2 hyperref configuration of TeXLive
)
(/usr/local/texlive/2008/texmf-dist/tex/latex/oberdiek/kvoptions.sty
Package: kvoptions 2007/10/18 v3.0 Keyval support for LaTeX options (HO)
)
Package hyperref Info: Hyper figures OFF on input line 2876.
Package hyperref Info: Link nesting OFF on input line 2881.
Package hyperref Info: Hyper index ON on input line 2884.
Package hyperref Info: Plain pages OFF on input line 2891.
Package hyperref Info: Backreferencing OFF on input line 2896.

Implicit mode ON; LaTeX internals redefined
Package hyperref Info: Bookmarks ON on input line 3086.
(/usr/local/texlive/2008/texmf-dist/tex/latex/ltxmisc/url.sty
\Urlmuskip=\muskip11
Package: url 2006/04/12  ver 3.3  Verb mode for urls, etc.
)
LaTeX Info: Redefining \url on input line 3272.

(/usr/local/texlive/2008/texmf-dist/tex/generic/oberdiek/bitset.sty
Package: bitset 2007/09/28 v1.0 Data type bit set (HO)

(/usr/local/texlive/2008/texmf-dist/tex/generic/oberdiek/intcalc.sty
Package: intcalc 2007/09/27 v1.1 Expandable integer calculations (HO)
)
(/usr/local/texlive/2008/texmf-dist/tex/generic/oberdiek/bigintcalc.sty
Package: bigintcalc 2007/11/11 v1.1 Expandable big integer calculations (HO)

(/usr/local/texlive/2008/texmf-dist/tex/generic/oberdiek/pdftexcmds.sty
Package: pdftexcmds 2007/12/12 v0.3 LuaTeX support for pdfTeX utility functions
 (HO)
Package pdftexcmds Info: LuaTeX not detected on input line 139.
)))
(/usr/local/texlive/2008/texmf-dist/tex/generic/oberdiek/kvsetkeys.sty
Package: kvsetkeys 2007/09/29 v1.3 Key value parser with default handler suppor
t (HO)
)
\Fld@menulength=\count111
\Field@Width=\dimen139
\Fld@charsize=\dimen140
\Field@toks=\toks24
Package hyperref Info: Hyper figures OFF on input line 4189.
Package hyperref Info: Link nesting OFF on input line 4194.
Package hyperref Info: Hyper index ON on input line 4197.
Package hyperref Info: backreferencing OFF on input line 4204.
Package hyperref Info: Link coloring OFF on input line 4209.
Package hyperref Info: Link coloring with OCG OFF on input line 4214.
Package hyperref Info: PDF/A mode OFF on input line 4219.

(/usr/local/texlive/2008/texmf-dist/tex/generic/oberdiek/atbegshi.sty
Package: atbegshi 2008/07/31 v1.9 At begin shipout hook (HO)
)
\Hy@abspage=\count112
\c@Item=\count113
\c@Hfootnote=\count114
)
*hyperref using driver hpdftex*
(/usr/local/texlive/2008/texmf-dist/tex/latex/hyperref/hpdftex.def
File: hpdftex.def 2008/08/14 v6.78f Hyperref driver for pdfTeX
\Fld@listcount=\count115
)
(/usr/local/texlive/2008/texmf-dist/tex/latex/tools/tabularx.sty
Package: tabularx 1999/01/07 v2.07 `tabularx' package (DPC)
\TX@col@width=\dimen141
\TX@old@table=\dimen142
\TX@old@col=\dimen143
\TX@target=\dimen144
\TX@delta=\dimen145
\TX@cols=\count116
\TX@ftn=\toks25
)
(/Users/wadler/Library/texmf/tex/latex/graphicx.sty
Package: graphicx 1999/02/16 v1.0f Enhanced LaTeX Graphics (DPC,SPQR)

(/Users/wadler/Library/texmf/tex/latex/graphics.sty
Package: graphics 2006/02/20 v1.0o Standard LaTeX Graphics (DPC,SPQR)

(/Users/wadler/Library/texmf/tex/latex/trig.sty
Package: trig 1999/03/16 v1.09 sin cos tan (DPC)
)
(/Users/wadler/Library/texmf/tex/latex/graphics.cfg
File: graphics.cfg 2007/01/18 v1.5 graphics configuration of teTeX/TeXLive
)
Package graphics Info: Driver file: pdftex.def on input line 90.

(/Users/wadler/Library/texmf/tex/latex/pdftex.def
File: pdftex.def 2007/01/08 v0.04d Graphics/color for pdfTeX
\Gread@gobject=\count117
))
\Gin@req@height=\dimen146
\Gin@req@width=\dimen147
)
(/usr/local/texlive/2008/texmf-dist/tex/latex/graphics/color.sty
Package: color 2005/11/14 v1.0j Standard LaTeX Color (DPC)

(/usr/local/texlive/2008/texmf/tex/latex/config/color.cfg
File: color.cfg 2007/01/18 v1.5 color configuration of teTeX/TeXLive
)
Package color Info: Driver file: pdftex.def on input line 130.
)
(/usr/local/texlive/2008/texmf-dist/tex/latex/xcolor/xcolor.sty
Package: xcolor 2007/01/21 v2.11 LaTeX color extensions (UK)

(/usr/local/texlive/2008/texmf/tex/latex/config/color.cfg
File: color.cfg 2007/01/18 v1.5 color configuration of teTeX/TeXLive
)
Package xcolor Info: Package option `usenames' ignored on input line 216.
Package xcolor Info: Driver file: pdftex.def on input line 225.

(/usr/local/texlive/2008/texmf-dist/tex/latex/colortbl/colortbl.sty
Package: colortbl 2001/02/13 v0.1j Color table columns (DPC)
\everycr=\toks26
\minrowclearance=\skip60
)
LaTeX Info: Redefining \color on input line 702.
\rownum=\count118
Package xcolor Info: Model `cmy' substituted by `cmy0' on input line 1337.
Package xcolor Info: Model `hsb' substituted by `rgb' on input line 1341.
Package xcolor Info: Model `RGB' extended on input line 1353.
Package xcolor Info: Model `HTML' substituted by `rgb' on input line 1355.
Package xcolor Info: Model `Hsb' substituted by `hsb' on input line 1356.
Package xcolor Info: Model `tHsb' substituted by `hsb' on input line 1357.
Package xcolor Info: Model `HSB' substituted by `hsb' on input line 1358.
Package xcolor Info: Model `Gray' substituted by `gray' on input line 1359.
Package xcolor Info: Model `wave' substituted by `hsb' on input line 1360.

(/usr/local/texlive/2008/texmf-dist/tex/latex/graphics/dvipsnam.def
File: dvipsnam.def 1999/02/16 v3.0i Driver-dependant file (DPC,SPQR)
)
(/usr/local/texlive/2008/texmf-dist/tex/latex/xcolor/svgnam.def
File: svgnam.def 2007/01/21 v2.11 Predefined colors according to SVG 1.1 (UK)
))
(/usr/local/texlive/2008/texmf-dist/tex/latex/listings/listings.sty
\lst@mode=\count119
\lst@gtempboxa=\box33
\lst@token=\toks27
\lst@length=\count120
\lst@currlwidth=\dimen148
\lst@column=\count121
\lst@pos=\count122
\lst@lostspace=\dimen149
\lst@width=\dimen150
\lst@newlines=\count123
\lst@lineno=\count124
\lst@maxwidth=\dimen151

(/usr/local/texlive/2008/texmf-dist/tex/latex/listings/lstmisc.sty
File: lstmisc.sty 2007/02/22 1.4 (Carsten Heinz)
\c@lstnumber=\count125
\lst@skipnumbers=\count126
\lst@framebox=\box34
)
(/usr/local/texlive/2008/texmf-dist/tex/latex/listings/listings.cfg
File: listings.cfg 2007/02/22 1.4 listings configuration
))
Package: listings 2007/02/22 1.4 (Carsten Heinz)

(/usr/local/texlive/2008/texmf-dist/tex/latex/listings/lstlang1.sty
File: lstlang1.sty 2004/09/05 1.3 listings language file
)
(/usr/local/texlive/2008/texmf-dist/tex/latex/listings/lstmisc.sty
File: lstmisc.sty 2007/02/22 1.4 (Carsten Heinz)
)
\c@theorem=\count127

(./paper.aux)
\openout1 = `paper.aux'.

LaTeX Font Info:    Checking defaults for OML/cmm/m/it on input line 789.
LaTeX Font Info:    ... okay on input line 789.
LaTeX Font Info:    Checking defaults for T1/cmr/m/n on input line 789.
LaTeX Font Info:    ... okay on input line 789.
LaTeX Font Info:    Checking defaults for OT1/cmr/m/n on input line 789.
LaTeX Font Info:    ... okay on input line 789.
LaTeX Font Info:    Checking defaults for OMS/cmsy/m/n on input line 789.
LaTeX Font Info:    ... okay on input line 789.
LaTeX Font Info:    Checking defaults for OMX/cmex/m/n on input line 789.
LaTeX Font Info:    ... okay on input line 789.
LaTeX Font Info:    Checking defaults for U/cmr/m/n on input line 789.
LaTeX Font Info:    ... okay on input line 789.
LaTeX Font Info:    Checking defaults for PD1/pdf/m/n on input line 789.
LaTeX Font Info:    ... okay on input line 789.
LaTeX Font Info:    Try loading font information for OT1+ptm on input line 789.

 (/usr/local/texlive/2008/texmf-dist/tex/latex/psnfss/ot1ptm.fd
File: ot1ptm.fd 2001/06/04 font definitions for OT1/ptm.
)
Package hyperref Info: Link coloring OFF on input line 789.

(/usr/local/texlive/2008/texmf-dist/tex/latex/hyperref/nameref.sty
Package: nameref 2007/05/29 v2.31 Cross-referencing by name of section

(/usr/local/texlive/2008/texmf-dist/tex/latex/oberdiek/refcount.sty
Package: refcount 2008/08/11 v3.1 Data extraction from references (HO)
)
\c@section@level=\count128
)
LaTeX Info: Redefining \ref on input line 789.
LaTeX Info: Redefining \pageref on input line 789.

(./paper.out) (./paper.out)
\@outlinefile=\write4
\openout4 = `paper.out'.

\AtBeginShipoutBox=\box35
 (/Users/wadler/Library/texmf/tex/latex/supp-pdf.tex
[Loading MPS to PDF converter (version 2006.09.02).]
\scratchcounter=\count129
\scratchdimen=\dimen152
\scratchbox=\box36
\nofMPsegments=\count130
\nofMParguments=\count131
\MPscratchCnt=\count132
\MPscratchDim=\dimen153
\MPnumerator=\count133
\everyMPtoPDFconversion=\toks28
)
\c@lstlisting=\count134
LaTeX Font Info:    Font shape `OT1/ptm/bx/n' in size <18> not available
(Font)              Font shape `OT1/ptm/b/n' tried instead on input line 837.
LaTeX Font Info:    Try loading font information for OMS+ptm on input line 837.

 (/usr/local/texlive/2008/texmf-dist/tex/latex/psnfss/omsptm.fd
File: omsptm.fd 
)
LaTeX Font Info:    Font shape `OMS/ptm/m/n' in size <7> not available
(Font)              Font shape `OMS/cmsy/m/n' tried instead on input line 837.
LaTeX Font Info:    Font shape `OT1/ptm/bx/n' in size <11> not available
(Font)              Font shape `OT1/ptm/b/n' tried instead on input line 838.
LaTeX Font Info:    Font shape `OT1/ptm/bx/n' in size <9> not available
(Font)              Font shape `OT1/ptm/b/n' tried instead on input line 855.
LaTeX Font Info:    Font shape `OT1/ptm/bx/it' in size <9> not available
(Font)              Font shape `OT1/ptm/b/it' tried instead on input line 855.
LaTeX Font Info:    Try loading font information for U+msa on input line 918.

(/usr/local/texlive/2008/texmf-dist/tex/latex/amsfonts/umsa.fd
File: umsa.fd 2002/01/19 v2.2g AMS font definitions
)
LaTeX Font Info:    Try loading font information for U+msb on input line 918.

(/usr/local/texlive/2008/texmf-dist/tex/latex/amsfonts/umsb.fd
File: umsb.fd 2002/01/19 v2.2g AMS font definitions
)
LaTeX Font Info:    Try loading font information for U+stmry on input line 918.


(/usr/local/texlive/2008/texmf-dist/tex/latex/stmaryrd/Ustmry.fd)
Underfull \vbox (badness 4366) has occurred while \output is active []

 [1{/usr/local/texlive/2008/texmf-var/fonts/map/pdftex/updmap/pdftex.map}


]
LaTeX Font Info:    Font shape `OMS/ptm/m/n' in size <8> not available
(Font)              Font shape `OMS/cmsy/m/n' tried instead on input line 964.
 [2]
\openout3 = `paper.ptb'.

\openout3 = `paper.ptb'.

\openout3 = `paper.ptb'.

\openout3 = `paper.ptb'.

\openout3 = `paper.ptb'.

LaTeX Font Info:    Font shape `OMS/ptm/m/n' in size <9> not available
(Font)              Font shape `OMS/cmsy/m/n' tried instead on input line 1298.


Underfull \hbox (badness 10000) in paragraph at lines 1352--1362

 []

[3]
\openout3 = `paper.ptb'.

\openout3 = `paper.ptb'.

\openout3 = `paper.ptb'.

\openout3 = `paper.ptb'.


Overfull \hbox (11.07796pt too wide) in paragraph at lines 1542--1546
[]\OT1/ptm/m/n/9 Here $[]$ is as be-fore. Eval-u-a-tion and nor-mal-i-sa-tion o
f $[] \OT1/cmr/m/n/9 ([]6)$
 []

\openout3 = `paper.ptb'.

\openout3 = `paper.ptb'.

\openout3 = `paper.ptb'.


Overfull \hbox (6.63786pt too wide) in paragraph at lines 1605--1614
 [][] 
 []


Overfull \hbox (6.63786pt too wide) in paragraph at lines 1605--1614
 [][][][] 
 []

\openout3 = `paper.ptb'.

\openout3 = `paper.ptb'.

\openout3 = `paper.ptb'.

\openout3 = `paper.ptb'.

\openout3 = `paper.ptb'.

[4]
\openout3 = `paper.ptb'.

\openout3 = `paper.ptb'.


Overfull \hbox (7.66016pt too wide) in paragraph at lines 1749--1801
 [][][][][][] 
 []


Overfull \hbox (7.66016pt too wide) in paragraph at lines 1749--1801
 [][][][][][] 
 []


Overfull \hbox (7.66016pt too wide) in paragraph at lines 1749--1801
 [][][][][][] 
 []


Overfull \hbox (7.66016pt too wide) in paragraph at lines 1749--1801
 [][][][][][][][] 
 []


Overfull \hbox (7.66016pt too wide) in paragraph at lines 1749--1801
 [][][][] 
 []


Overfull \hbox (7.66016pt too wide) in paragraph at lines 1749--1801
 [][][][][][] 
 []


Overfull \hbox (7.66016pt too wide) in paragraph at lines 1749--1801
 [][][][][][] 
 []


Overfull \hbox (7.66016pt too wide) in paragraph at lines 1749--1801
 [][][][][][] 
 []


Overfull \hbox (7.66016pt too wide) in paragraph at lines 1749--1801
 [][][][][][] 
 []


Overfull \hbox (7.66016pt too wide) in paragraph at lines 1749--1801
 [][][][][][] 
 []


Overfull \hbox (7.66016pt too wide) in paragraph at lines 1749--1801
 [][][][][][] 
 []

\openout3 = `paper.ptb'.

\openout3 = `paper.ptb'.

\openout3 = `paper.ptb'.

(./table.tex [5]) [6]
Underfull \vbox (badness 1009) has occurred while \output is active []

 [7]
\openout3 = `paper.ptb'.

\openout3 = `paper.ptb'.


Overfull \hbox (10.08363pt too wide) in paragraph at lines 2266--2271
\OT1/ptm/m/n/9 Type $\OT1/cmr/m/it/9 Q \OT1/cmr/m/n/9 ([] \OMS/cmsy/m/n/9 ! []\
OT1/cmr/m/n/9 )$ \OT1/ptm/m/n/9 in the QDSL vari-ant be-comes $[] [] \OMS/cmsy/
m/n/9 !
 []


Underfull \hbox (badness 1348) in paragraph at lines 2272--2281
\OT1/ptm/m/n/9 per-mit dec-la-ra-tions, func-tion calls, arith-metic op-er-a-ti
ons, and
 []

\openout3 = `paper.ptb'.

\openout3 = `paper.ptb'.

\openout3 = `paper.ptb'.

[8]
Overfull \hbox (10.04024pt too wide) in paragraph at lines 2489--2491
[]\OT1/ptm/m/n/9 The term of type $[] []$ gen-er-ated by eval-u-at-ing $[] \OT1
/cmr/m/n/9 ([]6) \OT1/cmr/m/it/9 x$
 []

\openout3 = `paper.ptb'.


Overfull \hbox (2.52252pt too wide) in paragraph at lines 2491--2522
 [][] 
 []


Overfull \hbox (2.52252pt too wide) in paragraph at lines 2491--2522
 [][] 
 []


Overfull \hbox (2.52252pt too wide) in paragraph at lines 2491--2522
 [][] 
 []


Overfull \hbox (2.52252pt too wide) in paragraph at lines 2491--2522
 [][][][] 
 []


Overfull \hbox (2.52252pt too wide) in paragraph at lines 2491--2522
 [][][][] 
 []


Overfull \hbox (2.52252pt too wide) in paragraph at lines 2491--2522
 [][][][] 
 []


Overfull \hbox (2.52252pt too wide) in paragraph at lines 2491--2522
 [][][][][][] 
 []


Overfull \hbox (2.52252pt too wide) in paragraph at lines 2491--2522
 [][] 
 []


Overfull \hbox (2.52252pt too wide) in paragraph at lines 2491--2522
 [][] 
 []

\openout3 = `paper.ptb'.


Package hyperref Warning: Token not allowed in a PDF string (PDFDocEncoding),
(hyperref)                removing `math shift' on input line 2706.


Package hyperref Warning: Token not allowed in a PDF string (PDFDocEncoding),
(hyperref)                removing `math shift' on input line 2706.

\openout3 = `paper.ptb'.

\openout3 = `paper.ptb'.

\openout3 = `paper.ptb'.

[9]
\openout3 = `paper.ptb'.

\openout3 = `paper.ptb'.

\openout3 = `paper.ptb'.

\openout3 = `paper.ptb'.

\openout3 = `paper.ptb'.

\openout3 = `paper.ptb'.

\openout3 = `paper.ptb'.

\openout3 = `paper.ptb'.


Overfull \hbox (9.19044pt too wide) in paragraph at lines 3022--3071
 [][] 
 []


Overfull \hbox (9.19044pt too wide) in paragraph at lines 3022--3071
 [][] 
 []


Overfull \hbox (9.19044pt too wide) in paragraph at lines 3022--3071
 [][][][] 
 []


Overfull \hbox (9.19044pt too wide) in paragraph at lines 3022--3071
 [][][][][][][][] 
 []


Overfull \hbox (9.19044pt too wide) in paragraph at lines 3022--3071
 [][][][][][][][] 
 []


Overfull \hbox (9.19044pt too wide) in paragraph at lines 3022--3071
 [][][][][][] 
 []


Overfull \hbox (9.19044pt too wide) in paragraph at lines 3022--3071
 [][][][][][] 
 []


Overfull \hbox (9.19044pt too wide) in paragraph at lines 3022--3071
 [][][][][][] 
 []


Overfull \hbox (9.19044pt too wide) in paragraph at lines 3022--3071
 [][][][][][] 
 []


Overfull \hbox (9.19044pt too wide) in paragraph at lines 3022--3071
 [][][][][][] 
 []


Overfull \hbox (9.19044pt too wide) in paragraph at lines 3022--3071
 [][][][][][] 
 []

\openout3 = `paper.ptb'.


Overfull \hbox (30.17667pt too wide) in paragraph at lines 3075--3101
 [][][][][][] 
 []


Overfull \hbox (30.17667pt too wide) in paragraph at lines 3075--3101
 [][][][][][] 
 []


Overfull \hbox (30.17667pt too wide) in paragraph at lines 3075--3101
 [][][][][][] 
 []


Overfull \hbox (30.17667pt too wide) in paragraph at lines 3075--3101
 [][][][][][][][] 
 []


Overfull \hbox (30.17667pt too wide) in paragraph at lines 3075--3101
 [][] 
 []

[10]
\openout3 = `paper.ptb'.


Overfull \hbox (25.64577pt too wide) in paragraph at lines 3122--3213
 [][] 
 []


Overfull \hbox (25.64577pt too wide) in paragraph at lines 3122--3213
 [][][][] 
 []


Overfull \hbox (25.64577pt too wide) in paragraph at lines 3122--3213
 [][] 
 []


Overfull \hbox (25.64577pt too wide) in paragraph at lines 3122--3213
 [][][][][][][][] 
 []


Overfull \hbox (25.64577pt too wide) in paragraph at lines 3122--3213
 [][][][][][][][] 
 []


Overfull \hbox (25.64577pt too wide) in paragraph at lines 3122--3213
 [][] 
 []


Overfull \hbox (25.64577pt too wide) in paragraph at lines 3122--3213
 [][][][] 
 []


Overfull \hbox (25.64577pt too wide) in paragraph at lines 3122--3213
 [][][][][][][][] 
 []


Overfull \hbox (25.64577pt too wide) in paragraph at lines 3122--3213
 [][][][][][][][] 
 []


Overfull \hbox (25.64577pt too wide) in paragraph at lines 3122--3213
 [][][][][][] 
 []


Overfull \hbox (25.64577pt too wide) in paragraph at lines 3122--3213
 [][][][][][][][] 
 []


Overfull \hbox (25.64577pt too wide) in paragraph at lines 3122--3213
 [][] 
 []


Overfull \hbox (25.64577pt too wide) in paragraph at lines 3122--3213
 [][][][][][] 
 []


Overfull \hbox (25.64577pt too wide) in paragraph at lines 3122--3213
 [][][][][][] 
 []


Overfull \hbox (25.64577pt too wide) in paragraph at lines 3122--3213
 [][][][][][] 
 []


Overfull \hbox (25.64577pt too wide) in paragraph at lines 3122--3213
 [][][][][][] 
 []


Overfull \hbox (25.64577pt too wide) in paragraph at lines 3122--3213
 [][][][][][] 
 []


Overfull \hbox (25.64577pt too wide) in paragraph at lines 3122--3213
 [][][][][][] 
 []


Overfull \hbox (25.64577pt too wide) in paragraph at lines 3122--3213
 [][][][][][] 
 []


Overfull \hbox (25.64577pt too wide) in paragraph at lines 3122--3213
 [][][][] 
 []


Overfull \hbox (25.64577pt too wide) in paragraph at lines 3122--3213
 [][][][] 
 []

\openout3 = `paper.ptb'.


Overfull \hbox (1.94667pt too wide) in paragraph at lines 3224--3257
 [][] 
 []


Overfull \hbox (1.94667pt too wide) in paragraph at lines 3224--3257
 [][] 
 []


Overfull \hbox (1.94667pt too wide) in paragraph at lines 3224--3257
 [][][][] 
 []


Overfull \hbox (1.94667pt too wide) in paragraph at lines 3224--3257
 [][][][][][][][] 
 []


Overfull \hbox (1.94667pt too wide) in paragraph at lines 3224--3257
 [][][][][][][][][][] 
 []


Overfull \hbox (1.94667pt too wide) in paragraph at lines 3224--3257
 [][] 
 []


Overfull \hbox (1.94667pt too wide) in paragraph at lines 3224--3257
 [][][][][][][][] 
 []

\openout3 = `paper.ptb'.

\openout3 = `paper.ptb'.

\openout3 = `paper.ptb'.

[11]
Overfull \hbox (8.14954pt too wide) in paragraph at lines 3488--3490
\OT1/ptm/m/n/9 con-stants (or free vari-ables) may ap-pear in typed quasi-quota
tions. 
 []

(./paper.bbl [12]) [13

] (./paper.aux)

LaTeX Warning: Label(s) may have changed. Rerun to get cross-references right.

 ) 
Here is how much of TeX's memory you used:
 8606 strings out of 493886
 118946 string characters out of 1151099
 250409 words of memory out of 3000000
 11590 multiletter control sequences out of 10000+50000
 35919 words of font info for 81 fonts, out of 3000000 for 5000
 714 hyphenation exceptions out of 8191
 41i,15n,63p,293b,987s stack positions out of 5000i,500n,10000p,200000b,50000s
 </Users/wadler/.texlive2008/texmf-var/fonts/pk/ljfour/public/cm/cmbtt9.600pk
>{/usr/local/texlive/2008/texmf-dist/fonts/enc/dvips/base/8r.enc}</usr/local/te
xlive/2008/texmf-dist/fonts/type1/bluesky/cm/cmbx9.pfb></usr/local/texlive/2008
/texmf-dist/fonts/type1/bluesky/cm/cmmi6.pfb></usr/local/texlive/2008/texmf-dis
t/fonts/type1/bluesky/cm/cmmi9.pfb></usr/local/texlive/2008/texmf-dist/fonts/ty
pe1/bluesky/cm/cmr6.pfb></usr/local/texlive/2008/texmf-dist/fonts/type1/bluesky
/cm/cmr9.pfb></usr/local/texlive/2008/texmf-dist/fonts/type1/bluesky/cm/cmss9.p
fb></usr/local/texlive/2008/texmf-dist/fonts/type1/bluesky/cm/cmsy6.pfb></usr/l
ocal/texlive/2008/texmf-dist/fonts/type1/bluesky/cm/cmsy7.pfb></usr/local/texli
ve/2008/texmf-dist/fonts/type1/bluesky/cm/cmsy8.pfb></usr/local/texlive/2008/te
xmf-dist/fonts/type1/bluesky/cm/cmsy9.pfb></usr/local/texlive/2008/texmf-dist/f
onts/type1/bluesky/cm/cmti9.pfb></usr/local/texlive/2008/texmf-dist/fonts/type1
/bluesky/cm/cmtt8.pfb></usr/local/texlive/2008/texmf-dist/fonts/type1/bluesky/c
m/cmtt9.pfb></usr/local/texlive/2008/texmf-dist/fonts/type1/urw/times/utmb8a.pf
b></usr/local/texlive/2008/texmf-dist/fonts/type1/urw/times/utmbi8a.pfb></usr/l
ocal/texlive/2008/texmf-dist/fonts/type1/urw/times/utmr8a.pfb></usr/local/texli
ve/2008/texmf-dist/fonts/type1/urw/times/utmr8a.pfb></usr/local/texlive/2008/te
xmf-dist/fonts/type1/urw/times/utmri8a.pfb>
Output written on paper.pdf (13 pages, 279101 bytes).
PDF statistics:
 539 PDF objects out of 1000 (max. 8388607)
 108 named destinations out of 1000 (max. 131072)
 185 words of extra memory for PDF output out of 10000 (max. 10000000)

